<?xml version="1.0" encoding="UTF-8"?>
<!-- Generated by org.testng.reporters.JUnitReportReporter -->
<testsuite hostname="ESLLAP-2690" failures="0" tests="6" name="testRunner.RunnerClass" time="48.435" errors="0" timestamp="2025-01-23T10:02:23 IST" skipped="0">
  <testcase classname="testRunner.RunnerClass" name="runScenario" time="4.016"/>
  <testcase classname="testRunner.RunnerClass" name="runScenario" time="14.180"/>
  <testcase classname="testRunner.RunnerClass" name="runScenario" time="4.156"/>
  <testcase classname="testRunner.RunnerClass" name="runScenario" time="4.006"/>
  <testcase classname="testRunner.RunnerClass" name="runScenario" time="7.866"/>
  <testcase classname="testRunner.RunnerClass" name="runScenario" time="14.211"/>
</testsuite> <!-- testRunner.RunnerClass -->
