<?xml version="1.0" encoding="UTF-8"?>
<!-- Generated by org.testng.reporters.JUnitReportReporter -->
<testsuite hostname="ESLLAP-2690" failures="0" tests="6" name="testRunner.RunnerClass" time="48.170" errors="0" timestamp="2025-01-22T21:02:10 IST" skipped="0">
  <testcase classname="testRunner.RunnerClass" name="runScenario" time="3.984"/>
  <testcase classname="testRunner.RunnerClass" name="runScenario" time="6.503"/>
  <testcase classname="testRunner.RunnerClass" name="runScenario" time="4.791"/>
  <testcase classname="testRunner.RunnerClass" name="runScenario" time="14.252"/>
  <testcase classname="testRunner.RunnerClass" name="runScenario" time="14.500"/>
  <testcase classname="testRunner.RunnerClass" name="runScenario" time="4.140"/>
</testsuite> <!-- testRunner.RunnerClass -->
