<?xml version="1.0" encoding="UTF-8"?>
<!-- Generated by org.testng.reporters.JUnitReportReporter -->
<testsuite hostname="ESLLAP-2690" failures="0" tests="5" name="testRunner.RunnerClass" time="44.761" errors="0" timestamp="2025-01-22T21:52:01 IST" skipped="0">
  <testcase classname="testRunner.RunnerClass" name="runScenario" time="5.785"/>
  <testcase classname="testRunner.RunnerClass" name="runScenario" time="6.265"/>
  <testcase classname="testRunner.RunnerClass" name="runScenario" time="9.718"/>
  <testcase classname="testRunner.RunnerClass" name="runScenario" time="17.156"/>
  <testcase classname="testRunner.RunnerClass" name="runScenario" time="5.837"/>
</testsuite> <!-- testRunner.RunnerClass -->
