<?xml version="1.0" encoding="UTF-8"?>
<!-- Generated by org.testng.reporters.JUnitReportReporter -->
<testsuite hostname="ESLLAP-2690" failures="0" tests="1" name="testRunner.RunnerClass" time="8.334" errors="0" timestamp="2025-01-22T16:39:29 IST" skipped="0">
  <testcase classname="testRunner.RunnerClass" name="runScenario" time="8.334"/>
</testsuite> <!-- testRunner.RunnerClass -->
