<?xml version="1.0" encoding="UTF-8"?>
<!-- Generated by org.testng.reporters.JUnitReportReporter -->
<testsuite hostname="ESLLAP-2690" failures="0" tests="5" name="testRunner.RunnerClass" time="34.125" errors="0" timestamp="2025-01-22T21:23:50 IST" skipped="0">
  <testcase classname="testRunner.RunnerClass" name="runScenario" time="6.159"/>
  <testcase classname="testRunner.RunnerClass" name="runScenario" time="3.955"/>
  <testcase classname="testRunner.RunnerClass" name="runScenario" time="3.893"/>
  <testcase classname="testRunner.RunnerClass" name="runScenario" time="4.462"/>
  <testcase classname="testRunner.RunnerClass" name="runScenario" time="15.656"/>
</testsuite> <!-- testRunner.RunnerClass -->
